0 info it worked if it ends with ok
1 verbose cli [ '/usr/local/bin/node',
1 verbose cli   '/usr/local/bin/npm',
1 verbose cli   'install',
1 verbose cli   'lory',
1 verbose cli   '--save' ]
2 info using npm@2.15.5
3 info using node@v4.4.5
4 verbose install initial load of /Users/anthonymoles/Documents/TBcustom/package.json
5 verbose installManyTop reading scoped package data from /Users/anthonymoles/Documents/TBcustom/node_modules/animejs/package.json
6 verbose installManyTop reading scoped package data from /Users/anthonymoles/Documents/TBcustom/node_modules/pixi.js/package.json
7 verbose readDependencies loading dependencies from /Users/anthonymoles/Documents/TBcustom/package.json
8 silly cache add args [ 'lory', null ]
9 verbose cache add spec lory
10 silly cache add parsed spec Result {
10 silly cache add   raw: 'lory',
10 silly cache add   scope: null,
10 silly cache add   name: 'lory',
10 silly cache add   rawSpec: '',
10 silly cache add   spec: 'latest',
10 silly cache add   type: 'tag' }
11 silly addNamed lory@latest
12 verbose addNamed "latest" is being treated as a dist-tag for lory
13 info addNameTag [ 'lory', 'latest' ]
14 silly mapToRegistry name lory
15 silly mapToRegistry using default registry
16 silly mapToRegistry registry https://registry.npmjs.org/
17 silly mapToRegistry data Result {
17 silly mapToRegistry   raw: 'lory',
17 silly mapToRegistry   scope: null,
17 silly mapToRegistry   name: 'lory',
17 silly mapToRegistry   rawSpec: '',
17 silly mapToRegistry   spec: 'latest',
17 silly mapToRegistry   type: 'tag' }
18 silly mapToRegistry uri https://registry.npmjs.org/lory
19 verbose addNameTag registry:https://registry.npmjs.org/lory not in flight; fetching
20 verbose request uri https://registry.npmjs.org/lory
21 verbose request no auth needed
22 info attempt registry request try #1 at 12:41:42 PM
23 verbose request id 41ff11a380613a4b
24 http request GET https://registry.npmjs.org/lory
25 http 404 https://registry.npmjs.org/lory
26 verbose headers { 'content-type': 'application/json',
26 verbose headers   'cache-control': 'max-age=0',
26 verbose headers   'content-length': '2',
26 verbose headers   'accept-ranges': 'bytes',
26 verbose headers   date: 'Mon, 28 Nov 2016 12:41:42 GMT',
26 verbose headers   via: '1.1 varnish',
26 verbose headers   age: '0',
26 verbose headers   connection: 'keep-alive',
26 verbose headers   'x-served-by': 'cache-lcy1140-LCY',
26 verbose headers   'x-cache': 'MISS',
26 verbose headers   'x-cache-hits': '0',
26 verbose headers   'x-timer': 'S1480336902.429986,VS0,VE329',
26 verbose headers   vary: 'Accept-Encoding' }
27 silly get cb [ 404,
27 silly get   { 'content-type': 'application/json',
27 silly get     'cache-control': 'max-age=0',
27 silly get     'content-length': '2',
27 silly get     'accept-ranges': 'bytes',
27 silly get     date: 'Mon, 28 Nov 2016 12:41:42 GMT',
27 silly get     via: '1.1 varnish',
27 silly get     age: '0',
27 silly get     connection: 'keep-alive',
27 silly get     'x-served-by': 'cache-lcy1140-LCY',
27 silly get     'x-cache': 'MISS',
27 silly get     'x-cache-hits': '0',
27 silly get     'x-timer': 'S1480336902.429986,VS0,VE329',
27 silly get     vary: 'Accept-Encoding' } ]
28 verbose stack Error: Registry returned 404 for GET on https://registry.npmjs.org/lory
28 verbose stack     at makeError (/usr/local/lib/node_modules/npm/node_modules/npm-registry-client/lib/request.js:264:12)
28 verbose stack     at CachingRegistryClient.<anonymous> (/usr/local/lib/node_modules/npm/node_modules/npm-registry-client/lib/request.js:242:14)
28 verbose stack     at Request._callback (/usr/local/lib/node_modules/npm/node_modules/npm-registry-client/lib/request.js:172:14)
28 verbose stack     at Request.self.callback (/usr/local/lib/node_modules/npm/node_modules/request/request.js:200:22)
28 verbose stack     at emitTwo (events.js:87:13)
28 verbose stack     at Request.emit (events.js:172:7)
28 verbose stack     at Request.<anonymous> (/usr/local/lib/node_modules/npm/node_modules/request/request.js:1067:10)
28 verbose stack     at emitOne (events.js:82:20)
28 verbose stack     at Request.emit (events.js:169:7)
28 verbose stack     at IncomingMessage.<anonymous> (/usr/local/lib/node_modules/npm/node_modules/request/request.js:988:12)
29 verbose statusCode 404
30 verbose pkgid lory
31 verbose cwd /Users/anthonymoles/Documents/TBcustom
32 error Darwin 16.1.0
33 error argv "/usr/local/bin/node" "/usr/local/bin/npm" "install" "lory" "--save"
34 error node v4.4.5
35 error npm  v2.15.5
36 error code E404
37 error 404 Registry returned 404 for GET on https://registry.npmjs.org/lory
37 error 404
37 error 404 'lory' is not in the npm registry.
37 error 404 You should bug the author to publish it (or use the name yourself!)
37 error 404 It was specified as a dependency of 'TBcustom'
37 error 404
37 error 404 Note that you can also install from a
37 error 404 tarball, folder, http url, or git url.
38 verbose exit [ 1, true ]
